<?xml version="1.0" encoding="UTF-8"?>
<!-- Generated by org.testng.reporters.JUnitReportReporter -->
<testsuite skipped="2" hostname="LAPTOP-U0K5KRU0" name="com.bigdata.springboot.akka.StreamControllerTests" tests="11" failures="0" timestamp="2020-03-04T02:04:54 SGT" time="5.702" errors="0">
  <testcase name="CreateIndex_EmptyIndex" time="0.114" classname="com.bigdata.springboot.akka.StreamControllerTests"/>
  <system-out/>
  <testcase name="StopStreamer_EmptyStreamerId" time="0.067" classname="com.bigdata.springboot.akka.StreamControllerTests"/>
  <system-out/>
  <testcase name="DeleteStreamer_EmptyStreamerId" time="0.078" classname="com.bigdata.springboot.akka.StreamControllerTests"/>
  <system-out/>
  <testcase name="CreateIndex_CsvNotExist" time="5.010" classname="com.bigdata.springboot.akka.StreamControllerTests"/>
  <system-out/>
  <testcase name="CreateIndex_EmptyTopic" time="0.089" classname="com.bigdata.springboot.akka.StreamControllerTests"/>
  <system-out/>
  <testcase name="CreateIndex_NullTopic" time="0.085" classname="com.bigdata.springboot.akka.StreamControllerTests"/>
  <system-out/>
  <testcase name="CreateIndex_EmptySource" time="0.096" classname="com.bigdata.springboot.akka.StreamControllerTests"/>
  <system-out/>
  <testcase name="StartStreamer_EmptyStreamerId" time="0.084" classname="com.bigdata.springboot.akka.StreamControllerTests"/>
  <system-out/>
  <testcase name="CreateIndex_InvalidSourceType" time="0.079" classname="com.bigdata.springboot.akka.StreamControllerTests"/>
  <system-out/>
  <testcase name="StopStreamer_EmptyInput" classname="com.bigdata.springboot.akka.StreamControllerTests">
    <skipped/>
  </testcase> <!-- StopStreamer_EmptyInput -->
  <system-out/>
  <testcase name="testControllerDummy" classname="com.bigdata.springboot.akka.StreamControllerTests">
    <skipped/>
  </testcase> <!-- testControllerDummy -->
  <system-out/>
</testsuite> <!-- com.bigdata.springboot.akka.StreamControllerTests -->
